This is XeTeX, Version 3.14159265-2.6-0.99996 (TeX Live 2016) (preloaded format=xelatex 2017.10.16)  19 OCT 2017 19:14
entering extended mode
 restricted \write18 enabled.
 file:line:error style messages enabled.
 %&-line parsing enabled.
**sample.tex
(./sample.tex
LaTeX2e <2017/01/01> patch level 3
Babel <3.9r> and hyphenation patterns for 83 language(s) loaded.
(./templates/github_template.tex
(/usr/local/texlive/2016/texmf-dist/tex/latex/base/article.cls
Document Class: article 2014/09/29 v1.4h Standard LaTeX document class
(/usr/local/texlive/2016/texmf-dist/tex/latex/base/size11.clo
File: size11.clo 2014/09/29 v1.4h Standard LaTeX file (size option)
)
\c@part=\count79
\c@section=\count80
\c@subsection=\count81
\c@subsubsection=\count82
\c@paragraph=\count83
\c@subparagraph=\count84
\c@figure=\count85
\c@table=\count86
\abovecaptionskip=\skip41
\belowcaptionskip=\skip42
\bibindent=\dimen102
)
(/usr/local/texlive/2016/texmf-dist/tex/generic/babel/babel.sty
Package: babel 2016/04/23 3.9r The Babel package

(/usr/local/texlive/2016/texmf-dist/tex/generic/babel-french/frenchb.ldf
Language: frenchb 2017/01/30 v3.2g French support from the babel system

(/usr/local/texlive/2016/texmf-dist/tex/generic/babel/babel.def
File: babel.def 2016/04/23 3.9r Babel common definitions
\babel@savecnt=\count87
\U@D=\dimen103

(/usr/local/texlive/2016/texmf-dist/tex/generic/babel/xebabel.def))
\l@acadian = a dialect from \language\l@french 
\l@canadien = a dialect from \language\l@french 
\FB@nonchar=\count88
\FBcolonskip=\skip43
\FBthinskip=\skip44
Package frenchb.ldf Info: No need for active punctuation characters
(frenchb.ldf)             with this version of XeTeX!
(frenchb.ldf)             reported on input line 277.
\FB@punctthick=\XeTeXcharclass1
\FB@punctthin=\XeTeXcharclass2
\FB@punctnul=\XeTeXcharclass3
\FB@guilo=\XeTeXcharclass4
\FB@guilf=\XeTeXcharclass5
\FB@guilnul=\XeTeXcharclass6
\FBguillskip=\skip45
\FBguill@level=\count89
\FB@everypar=\toks14
\FB@Mht=\dimen104
LaTeX Info: Redefining \degres on input line 725.
\mc@charclass=\count90
\mc@charfam=\count91
\mc@charslot=\count92
\std@mcc=\count93
\dec@mcc=\count94
\listindentFB=\skip46
\descindentFB=\skip47
\labelwidthFB=\skip48
\leftmarginFB=\skip49
\parindentFFN=\dimen105
\FBfnindent=\skip50
))
(/usr/local/texlive/2016/texmf-dist/tex/latex/carlisle/scalefnt.sty)
(/usr/local/texlive/2016/texmf-dist/tex/latex/graphics/keyval.sty
Package: keyval 2014/10/28 v1.15 key=value parser (DPC)
\KV@toks@=\toks15
)
(/usr/local/texlive/2016/texmf-dist/tex/latex/fontspec/fontspec.sty
(/usr/local/texlive/2016/texmf-dist/tex/latex/l3kernel/expl3.sty
Package: expl3 2017/04/01 L3 programming layer (loader) 

(/usr/local/texlive/2016/texmf-dist/tex/latex/l3kernel/expl3-code.tex
Package: expl3 2017/04/01 L3 programming layer (code)
\c_max_int=\count95
\l_tmpa_int=\count96
\l_tmpb_int=\count97
\g_tmpa_int=\count98
\g_tmpb_int=\count99
\g__prg_map_int=\count100
\c_log_iow=\count101
\l_iow_line_count_int=\count102
\l__iow_line_target_int=\count103
\l__iow_one_indent_int=\count104
\l__iow_indent_int=\count105
\c_zero_dim=\dimen106
\c_max_dim=\dimen107
\l_tmpa_dim=\dimen108
\l_tmpb_dim=\dimen109
\g_tmpa_dim=\dimen110
\g_tmpb_dim=\dimen111
\c_zero_skip=\skip51
\c_max_skip=\skip52
\l_tmpa_skip=\skip53
\l_tmpb_skip=\skip54
\g_tmpa_skip=\skip55
\g_tmpb_skip=\skip56
\c_zero_muskip=\muskip10
\c_max_muskip=\muskip11
\l_tmpa_muskip=\muskip12
\l_tmpb_muskip=\muskip13
\g_tmpa_muskip=\muskip14
\g_tmpb_muskip=\muskip15
\l_keys_choice_int=\count106
\c__fp_leading_shift_int=\count107
\c__fp_middle_shift_int=\count108
\c__fp_trailing_shift_int=\count109
\c__fp_big_leading_shift_int=\count110
\c__fp_big_middle_shift_int=\count111
\c__fp_big_trailing_shift_int=\count112
\c__fp_Bigg_leading_shift_int=\count113
\c__fp_Bigg_middle_shift_int=\count114
\c__fp_Bigg_trailing_shift_int=\count115
\l__sort_length_int=\count116
\l__sort_min_int=\count117
\l__sort_top_int=\count118
\l__sort_max_int=\count119
\l__sort_true_max_int=\count120
\l__sort_block_int=\count121
\l__sort_begin_int=\count122
\l__sort_end_int=\count123
\l__sort_A_int=\count124
\l__sort_B_int=\count125
\l__sort_C_int=\count126
\c_empty_box=\box26
\l_tmpa_box=\box27
\l_tmpb_box=\box28
\g_tmpa_box=\box29
\g_tmpb_box=\box30
\l__coffin_internal_box=\box31
\l__coffin_internal_dim=\dimen112
\l__coffin_offset_x_dim=\dimen113
\l__coffin_offset_y_dim=\dimen114
\l__coffin_x_dim=\dimen115
\l__coffin_y_dim=\dimen116
\l__coffin_x_prime_dim=\dimen117
\l__coffin_y_prime_dim=\dimen118
\c_empty_coffin=\box32
\l__coffin_aligned_coffin=\box33
\l__coffin_aligned_internal_coffin=\box34
\l_tmpa_coffin=\box35
\l_tmpb_coffin=\box36
\l__coffin_display_coffin=\box37
\l__coffin_display_coord_coffin=\box38
\l__coffin_display_pole_coffin=\box39
\l__coffin_display_offset_dim=\dimen119
\l__coffin_display_x_dim=\dimen120
\l__coffin_display_y_dim=\dimen121
\l__box_top_dim=\dimen122
\l__box_bottom_dim=\dimen123
\l__box_left_dim=\dimen124
\l__box_right_dim=\dimen125
\l__box_top_new_dim=\dimen126
\l__box_bottom_new_dim=\dimen127
\l__box_left_new_dim=\dimen128
\l__box_right_new_dim=\dimen129
\l__box_internal_box=\box40
\l__coffin_bounding_shift_dim=\dimen130
\l__coffin_left_corner_dim=\dimen131
\l__coffin_right_corner_dim=\dimen132
\l__coffin_bottom_corner_dim=\dimen133
\l__coffin_top_corner_dim=\dimen134
\l__coffin_scaled_total_height_dim=\dimen135
\l__coffin_scaled_width_dim=\dimen136
)
(/usr/local/texlive/2016/texmf-dist/tex/latex/l3kernel/l3xdvipdfmx.def
File: l3xdvidpfmx.def 2017/03/18 v L3 Experimental driver: xdvipdfmx
\l__driver_tmp_box=\box41
))
(/usr/local/texlive/2016/texmf-dist/tex/latex/l3packages/xparse/xparse.sty
Package: xparse 2017/04/01 L3 Experimental document command parser
\l__xparse_current_arg_int=\count127
\g__xparse_grabber_int=\count128
\l__xparse_m_args_int=\count129
\l__xparse_mandatory_args_int=\count130
\l__xparse_v_nesting_int=\count131
)
Package: fontspec 2017/03/31 v2.6a Font selection for XeLaTeX and LuaLaTeX

(/usr/local/texlive/2016/texmf-dist/tex/latex/fontspec/fontspec-xetex.sty
Package: fontspec-xetex 2017/03/31 v2.6a Font selection for XeLaTeX and LuaLaTe
X
\l__fontspec_script_int=\count132
\l__fontspec_language_int=\count133
\l__fontspec_strnum_int=\count134
\l__fontspec_tmp_int=\count135
\l__fontspec_em_int=\count136
\l__fontspec_emdef_int=\count137
\l__fontspec_strong_int=\count138
\l__fontspec_strongdef_int=\count139
\l__fontspec_tmpa_dim=\dimen137
\l__fontspec_tmpb_dim=\dimen138
\l__fontspec_tmpc_dim=\dimen139
\g__file_internal_ior=\read1

(/usr/local/texlive/2016/texmf-dist/tex/latex/base/fontenc.sty
Package: fontenc 2017/02/22 v2.0g Standard LaTeX package

(/usr/local/texlive/2016/texmf-dist/tex/latex/base/tuenc.def
File: tuenc.def 2017/02/22 v2.0g Standard LaTeX file
LaTeX Font Info:    Redeclaring font encoding TU on input line 82.
))
.................................................
. LaTeX info: "xparse/define-command"
. 
. Defining command \fontspec with sig. 'O{}mO{}' on line 472.
.................................................
.................................................
. LaTeX info: "xparse/define-command"
. 
. Defining command \setmainfont with sig. 'O{}mO{}' on line 483.
.................................................
.................................................
. LaTeX info: "xparse/define-command"
. 
. Defining command \setsansfont with sig. 'O{}mO{}' on line 503.
.................................................
.................................................
. LaTeX info: "xparse/define-command"
. 
. Defining command \setmonofont with sig. 'O{}mO{}' on line 523.
.................................................
.................................................
. LaTeX info: "xparse/define-command"
. 
. Defining command \setromanfont with sig. 'O{}mO{}' on line 543.
.................................................
.................................................
. LaTeX info: "xparse/define-command"
. 
. Defining command \setmathrm with sig. 'O{}mO{}' on line 547.
.................................................
.................................................
. LaTeX info: "xparse/define-command"
. 
. Defining command \setboldmathrm with sig. 'O{}mO{}' on line 555.
.................................................
.................................................
. LaTeX info: "xparse/define-command"
. 
. Defining command \setmathsf with sig. 'O{}mO{}' on line 563.
.................................................
.................................................
. LaTeX info: "xparse/define-command"
. 
. Defining command \setmathtt with sig. 'O{}mO{}' on line 571.
.................................................
.................................................
. LaTeX info: "xparse/define-command"
. 
. Defining command \newfontfamily with sig. 'mO{}mO{}' on line 586.
.................................................
.................................................
. LaTeX info: "xparse/define-command"
. 
. Defining command \newfontface with sig. 'mO{}mO{}' on line 603.
.................................................
.................................................
. LaTeX info: "xparse/define-command"
. 
. Defining command \defaultfontfeatures with sig. 't+om' on line 614.
.................................................
.................................................
. LaTeX info: "xparse/define-command"
. 
. Defining command \addfontfeatures with sig. 'm' on line 645.
.................................................
.................................................
. LaTeX info: "xparse/define-command"
. 
. Defining command \newfontfeature with sig. 'mm' on line 672.
.................................................
.................................................
. LaTeX info: "xparse/define-command"
. 
. Defining command \newAATfeature with sig. 'mmmm' on line 686.
.................................................
.................................................
. LaTeX info: "xparse/define-command"
. 
. Defining command \newopentypefeature with sig. 'mmm' on line 700.
.................................................
.................................................
. LaTeX info: "xparse/define-command"
. 
. Defining command \newICUfeature with sig. 'mmm' on line 720.
.................................................
.................................................
. LaTeX info: "xparse/define-command"
. 
. Defining command \aliasfontfeature with sig. 'mm' on line 724.
.................................................
.................................................
. LaTeX info: "xparse/define-command"
. 
. Defining command \aliasfontfeatureoption with sig. 'mmm' on line 745.
.................................................
.................................................
. LaTeX info: "xparse/define-command"
. 
. Defining command \newfontscript with sig. 'mm' on line 778.
.................................................
.................................................
. LaTeX info: "xparse/define-command"
. 
. Defining command \newfontlanguage with sig. 'mm' on line 782.
.................................................
.................................................
. LaTeX info: "xparse/define-command"
. 
. Defining command \DeclareFontsExtensions with sig. 'm' on line 786.
.................................................
.................................................
. LaTeX info: "xparse/define-command"
. 
. Defining command \IfFontFeatureActiveTF with sig. 'mmm' on line 797.
.................................................
.................................................
. LaTeX info: "xparse/define-command"
. 
. Defining command \EncodingCommand with sig. 'mO{}m' on line 3438.
.................................................
.................................................
. LaTeX info: "xparse/define-command"
. 
. Defining command \EncodingAccent with sig. 'mm' on line 3444.
.................................................
.................................................
. LaTeX info: "xparse/define-command"
. 
. Defining command \EncodingSymbol with sig. 'mm' on line 3450.
.................................................
.................................................
. LaTeX info: "xparse/define-command"
. 
. Defining command \EncodingComposite with sig. 'mmm' on line 3456.
.................................................
.................................................
. LaTeX info: "xparse/define-command"
. 
. Defining command \EncodingCompositeCommand with sig. 'mmm' on line 3462.
.................................................
.................................................
. LaTeX info: "xparse/define-command"
. 
. Defining command \DeclareUnicodeEncoding with sig. 'mm' on line 3487.
.................................................
.................................................
. LaTeX info: "xparse/define-command"
. 
. Defining command \UndeclareSymbol with sig. 'm' on line 3493.
.................................................
.................................................
. LaTeX info: "xparse/define-command"
. 
. Defining command \UndeclareComposite with sig. 'mm' on line 3501.
.................................................

(/usr/local/texlive/2016/texmf-dist/tex/latex/fontspec/fontspec.cfg)
LaTeX Info: Redefining \itshape on input line 3686.
LaTeX Info: Redefining \slshape on input line 3691.
LaTeX Info: Redefining \scshape on input line 3696.
LaTeX Info: Redefining \upshape on input line 3701.
LaTeX Info: Redefining \em on input line 3731.
LaTeX Info: Redefining \emph on input line 3756.
LaTeX Info: Redefining \- on input line 3807.
.................................................
. LaTeX info: "xparse/redefine-command"
. 
. Redefining command \oldstylenums with sig. 'm' on line 3902.
.................................................
.................................................
. LaTeX info: "xparse/define-command"
. 
. Defining command \liningnums with sig. 'm' on line 3906.
.................................................
))
(/usr/local/texlive/2016/texmf-dist/tex/latex/roboto/roboto.sty
Package: roboto 2015/09/15 (Bob Tennent) Supports Roboto fonts for all LaTeX en
gines.

(/usr/local/texlive/2016/texmf-dist/tex/generic/ifxetex/ifxetex.sty
Package: ifxetex 2010/09/12 v0.6 Provides ifxetex conditional
)
(/usr/local/texlive/2016/texmf-dist/tex/generic/oberdiek/ifluatex.sty
Package: ifluatex 2016/05/16 v1.4 Provides the ifluatex switch (HO)
Package ifluatex Info: LuaTeX not detected.
)
(/usr/local/texlive/2016/texmf-dist/tex/latex/xkeyval/xkeyval.sty
Package: xkeyval 2014/12/03 v2.7a package option processing (HA)

(/usr/local/texlive/2016/texmf-dist/tex/generic/xkeyval/xkeyval.tex
(/usr/local/texlive/2016/texmf-dist/tex/generic/xkeyval/xkvutils.tex
\XKV@toks=\toks16
\XKV@tempa@toks=\toks17
)
\XKV@depth=\count140
File: xkeyval.tex 2014/12/03 v2.7a key=value parser (HA)
))
(/usr/local/texlive/2016/texmf-dist/tex/latex/base/textcomp.sty
Package: textcomp 2017/02/22 v2.0g Standard LaTeX package
Package textcomp Info: Sub-encoding information:
(textcomp)               5 = only ISO-Adobe without \textcurrency
(textcomp)               4 = 5 + \texteuro
(textcomp)               3 = 4 + \textohm
(textcomp)               2 = 3 + \textestimated + \textcurrency
(textcomp)               1 = TS1 - \textcircled - \t
(textcomp)               0 = TS1 (full)
(textcomp)             Font families with sub-encoding setting implement
(textcomp)             only a restricted character set as indicated.
(textcomp)             Family '?' is the default used for unknown fonts.
(textcomp)             See the documentation for details.
Package textcomp Info: Setting ? sub-encoding to TS1/1 on input line 79.

(/usr/local/texlive/2016/texmf-dist/tex/latex/base/ts1enc.def
File: ts1enc.def 2001/06/05 v3.0e (jk/car/fm) Standard LaTeX file
)
LaTeX Info: Redefining \oldstylenums on input line 334.
Package textcomp Info: Setting cmr sub-encoding to TS1/0 on input line 349.
Package textcomp Info: Setting cmss sub-encoding to TS1/0 on input line 350.
Package textcomp Info: Setting cmtt sub-encoding to TS1/0 on input line 351.
Package textcomp Info: Setting cmvtt sub-encoding to TS1/0 on input line 352.
Package textcomp Info: Setting cmbr sub-encoding to TS1/0 on input line 353.
Package textcomp Info: Setting cmtl sub-encoding to TS1/0 on input line 354.
Package textcomp Info: Setting ccr sub-encoding to TS1/0 on input line 355.
Package textcomp Info: Setting ptm sub-encoding to TS1/4 on input line 356.
Package textcomp Info: Setting pcr sub-encoding to TS1/4 on input line 357.
Package textcomp Info: Setting phv sub-encoding to TS1/4 on input line 358.
Package textcomp Info: Setting ppl sub-encoding to TS1/3 on input line 359.
Package textcomp Info: Setting pag sub-encoding to TS1/4 on input line 360.
Package textcomp Info: Setting pbk sub-encoding to TS1/4 on input line 361.
Package textcomp Info: Setting pnc sub-encoding to TS1/4 on input line 362.
Package textcomp Info: Setting pzc sub-encoding to TS1/4 on input line 363.
Package textcomp Info: Setting bch sub-encoding to TS1/4 on input line 364.
Package textcomp Info: Setting put sub-encoding to TS1/5 on input line 365.
Package textcomp Info: Setting uag sub-encoding to TS1/5 on input line 366.
Package textcomp Info: Setting ugq sub-encoding to TS1/5 on input line 367.
Package textcomp Info: Setting ul8 sub-encoding to TS1/4 on input line 368.
Package textcomp Info: Setting ul9 sub-encoding to TS1/4 on input line 369.
Package textcomp Info: Setting augie sub-encoding to TS1/5 on input line 370.
Package textcomp Info: Setting dayrom sub-encoding to TS1/3 on input line 371.
Package textcomp Info: Setting dayroms sub-encoding to TS1/3 on input line 372.

Package textcomp Info: Setting pxr sub-encoding to TS1/0 on input line 373.
Package textcomp Info: Setting pxss sub-encoding to TS1/0 on input line 374.
Package textcomp Info: Setting pxtt sub-encoding to TS1/0 on input line 375.
Package textcomp Info: Setting txr sub-encoding to TS1/0 on input line 376.
Package textcomp Info: Setting txss sub-encoding to TS1/0 on input line 377.
Package textcomp Info: Setting txtt sub-encoding to TS1/0 on input line 378.
Package textcomp Info: Setting lmr sub-encoding to TS1/0 on input line 379.
Package textcomp Info: Setting lmdh sub-encoding to TS1/0 on input line 380.
Package textcomp Info: Setting lmss sub-encoding to TS1/0 on input line 381.
Package textcomp Info: Setting lmssq sub-encoding to TS1/0 on input line 382.
Package textcomp Info: Setting lmvtt sub-encoding to TS1/0 on input line 383.
Package textcomp Info: Setting lmtt sub-encoding to TS1/0 on input line 384.
Package textcomp Info: Setting qhv sub-encoding to TS1/0 on input line 385.
Package textcomp Info: Setting qag sub-encoding to TS1/0 on input line 386.
Package textcomp Info: Setting qbk sub-encoding to TS1/0 on input line 387.
Package textcomp Info: Setting qcr sub-encoding to TS1/0 on input line 388.
Package textcomp Info: Setting qcs sub-encoding to TS1/0 on input line 389.
Package textcomp Info: Setting qpl sub-encoding to TS1/0 on input line 390.
Package textcomp Info: Setting qtm sub-encoding to TS1/0 on input line 391.
Package textcomp Info: Setting qzc sub-encoding to TS1/0 on input line 392.
Package textcomp Info: Setting qhvc sub-encoding to TS1/0 on input line 393.
Package textcomp Info: Setting futs sub-encoding to TS1/4 on input line 394.
Package textcomp Info: Setting futx sub-encoding to TS1/4 on input line 395.
Package textcomp Info: Setting futj sub-encoding to TS1/4 on input line 396.
Package textcomp Info: Setting hlh sub-encoding to TS1/3 on input line 397.
Package textcomp Info: Setting hls sub-encoding to TS1/3 on input line 398.
Package textcomp Info: Setting hlst sub-encoding to TS1/3 on input line 399.
Package textcomp Info: Setting hlct sub-encoding to TS1/5 on input line 400.
Package textcomp Info: Setting hlx sub-encoding to TS1/5 on input line 401.
Package textcomp Info: Setting hlce sub-encoding to TS1/5 on input line 402.
Package textcomp Info: Setting hlcn sub-encoding to TS1/5 on input line 403.
Package textcomp Info: Setting hlcw sub-encoding to TS1/5 on input line 404.
Package textcomp Info: Setting hlcf sub-encoding to TS1/5 on input line 405.
Package textcomp Info: Setting pplx sub-encoding to TS1/3 on input line 406.
Package textcomp Info: Setting pplj sub-encoding to TS1/3 on input line 407.
Package textcomp Info: Setting ptmx sub-encoding to TS1/4 on input line 408.
Package textcomp Info: Setting ptmj sub-encoding to TS1/4 on input line 409.
)
Requested font "[Roboto-Regular.ttf]/OT" at 10.95pt
 -> /usr/local/texlive/2016/texmf-dist/fonts/truetype/google/roboto/Roboto-Regu
lar.ttf
\g__fontspec_family_Roboto_int=\count141
Requested font "[Roboto-Bold.ttf]/OT" at 10.95pt
 -> /usr/local/texlive/2016/texmf-dist/fonts/truetype/google/roboto/Roboto-Bold
.ttf
Requested font "[Roboto-RegularItalic.ttf]/OT" at 10.95pt
 -> /usr/local/texlive/2016/texmf-dist/fonts/truetype/google/roboto/Roboto-Regu
larItalic.ttf
Requested font "[Roboto-BoldItalic.ttf]/OT" at 10.95pt
 -> /usr/local/texlive/2016/texmf-dist/fonts/truetype/google/roboto/Roboto-Bold
Italic.ttf
.................................................
. fontspec info: "defining-font"
. 
. Font family 'Roboto(0)' created for font 'Roboto' with options [Ligatures =
. TeX,Scale = 1,Extension = .ttf,Ligatures=TeX,Numbers =
. {Proportional,Lining},UprightFont = *-Regular,ItalicFont =
. *-RegularItalic,BoldFont = *-Bold,BoldItalicFont = *-BoldItalic].
.  
.  This font family consists of the following NFSS series/shapes:
.  
. - 'normal' (m/n) with NFSS spec.:
. <->s*[1]"[Roboto-Regular.ttf]/OT:script=latn;language=DFLT;+pnum;+lnum;mappin
g=tex-text;"
. - 'small caps'  (m/sc) with NFSS spec.:
. <->s*[1]"[Roboto-Regular.ttf]/OT:script=latn;language=DFLT;+pnum;+lnum;+smcp;
mapping=tex-text;"
. - 'bold' (bx/n) with NFSS spec.:
. <->s*[1]"[Roboto-Bold.ttf]/OT:script=latn;language=DFLT;+pnum;+lnum;mapping=t
ex-text;"
. - 'bold small caps'  (bx/sc) with NFSS spec.:
. <->s*[1]"[Roboto-Bold.ttf]/OT:script=latn;language=DFLT;+pnum;+lnum;+smcp;map
ping=tex-text;"
. - 'italic' (m/it) with NFSS spec.:
. <->s*[1]"[Roboto-RegularItalic.ttf]/OT:script=latn;language=DFLT;+pnum;+lnum;
mapping=tex-text;"
. - 'italic small caps'  (m/itsc) with NFSS spec.:
. <->s*[1]"[Roboto-RegularItalic.ttf]/OT:script=latn;language=DFLT;+pnum;+lnum;
+smcp;mapping=tex-text;"
. - 'bold italic' (bx/it) with NFSS spec.:
. <->s*[1]"[Roboto-BoldItalic.ttf]/OT:script=latn;language=DFLT;+pnum;+lnum;map
ping=tex-text;"
. - 'bold italic small caps'  (bx/itsc) with NFSS spec.:
. <->s*[1]"[Roboto-BoldItalic.ttf]/OT:script=latn;language=DFLT;+pnum;+lnum;+sm
cp;mapping=tex-text;"
.................................................
LaTeX Info: Redefining \sffamily on input line 130.
.................................................
. fontspec info: "defining-font"
. 
. Font family 'Roboto(1)' created for font 'Roboto' with options [Ligatures =
. TeX,Scale = 1,Extension = .ttf,Numbers = {Proportional,Lining},UprightFont =
. *-Regular,ItalicFont = *-RegularItalic,BoldFont = *-Bold,BoldItalicFont =
. *-BoldItalic].
.  
.  This font family consists of the following NFSS series/shapes:
.  
. - 'normal' (m/n) with NFSS spec.:
. <->s*[1]"[Roboto-Regular.ttf]/OT:script=latn;language=DFLT;+pnum;+lnum;mappin
g=tex-text;"
. - 'small caps'  (m/sc) with NFSS spec.:
. <->s*[1]"[Roboto-Regular.ttf]/OT:script=latn;language=DFLT;+pnum;+lnum;+smcp;
mapping=tex-text;"
. - 'bold' (bx/n) with NFSS spec.:
. <->s*[1]"[Roboto-Bold.ttf]/OT:script=latn;language=DFLT;+pnum;+lnum;mapping=t
ex-text;"
. - 'bold small caps'  (bx/sc) with NFSS spec.:
. <->s*[1]"[Roboto-Bold.ttf]/OT:script=latn;language=DFLT;+pnum;+lnum;+smcp;map
ping=tex-text;"
. - 'italic' (m/it) with NFSS spec.:
. <->s*[1]"[Roboto-RegularItalic.ttf]/OT:script=latn;language=DFLT;+pnum;+lnum;
mapping=tex-text;"
. - 'italic small caps'  (m/itsc) with NFSS spec.:
. <->s*[1]"[Roboto-RegularItalic.ttf]/OT:script=latn;language=DFLT;+pnum;+lnum;
+smcp;mapping=tex-text;"
. - 'bold italic' (bx/it) with NFSS spec.:
. <->s*[1]"[Roboto-BoldItalic.ttf]/OT:script=latn;language=DFLT;+pnum;+lnum;map
ping=tex-text;"
. - 'bold italic small caps'  (bx/itsc) with NFSS spec.:
. <->s*[1]"[Roboto-BoldItalic.ttf]/OT:script=latn;language=DFLT;+pnum;+lnum;+sm
cp;mapping=tex-text;"
.................................................
Requested font "[RobotoCondensed-Regular.ttf]/OT" at 10.95pt
 -> /usr/local/texlive/2016/texmf-dist/fonts/truetype/google/roboto/RobotoConde
nsed-Regular.ttf
\g__fontspec_family_RobotoCondensed_int=\count142
Requested font "[RobotoCondensed-Bold.ttf]/OT" at 10.95pt
 -> /usr/local/texlive/2016/texmf-dist/fonts/truetype/google/roboto/RobotoConde
nsed-Bold.ttf
Requested font "[RobotoCondensed-RegularItalic.ttf]/OT" at 10.95pt
 -> /usr/local/texlive/2016/texmf-dist/fonts/truetype/google/roboto/RobotoConde
nsed-RegularItalic.ttf
Requested font "[RobotoCondensed-BoldItalic.ttf]/OT" at 10.95pt
 -> /usr/local/texlive/2016/texmf-dist/fonts/truetype/google/roboto/RobotoConde
nsed-BoldItalic.ttf
.................................................
. fontspec info: "defining-font"
. 
. Font family 'RobotoCondensed(0)' created for font 'RobotoCondensed' with
. options [Ligatures = TeX,Scale = 1,Extension = .ttf,Numbers =
. {Proportional,Lining},UprightFont = *-Regular,ItalicFont =
. *-RegularItalic,BoldFont = *-Bold,BoldItalicFont = *-BoldItalic].
.  
.  This font family consists of the following NFSS series/shapes:
.  
. - 'normal' (m/n) with NFSS spec.:
. <->s*[1]"[RobotoCondensed-Regular.ttf]/OT:script=latn;language=DFLT;+pnum;+ln
um;mapping=tex-text;"
. - 'small caps'  (m/sc) with NFSS spec.:
. <->s*[1]"[RobotoCondensed-Regular.ttf]/OT:script=latn;language=DFLT;+pnum;+ln
um;+smcp;mapping=tex-text;"
. - 'bold' (bx/n) with NFSS spec.:
. <->s*[1]"[RobotoCondensed-Bold.ttf]/OT:script=latn;language=DFLT;+pnum;+lnum;
mapping=tex-text;"
. - 'bold small caps'  (bx/sc) with NFSS spec.:
. <->s*[1]"[RobotoCondensed-Bold.ttf]/OT:script=latn;language=DFLT;+pnum;+lnum;
+smcp;mapping=tex-text;"
. - 'italic' (m/it) with NFSS spec.:
. <->s*[1]"[RobotoCondensed-RegularItalic.ttf]/OT:script=latn;language=DFLT;+pn
um;+lnum;mapping=tex-text;"
. - 'italic small caps'  (m/itsc) with NFSS spec.:
. <->s*[1]"[RobotoCondensed-RegularItalic.ttf]/OT:script=latn;language=DFLT;+pn
um;+lnum;+smcp;mapping=tex-text;"
. - 'bold italic' (bx/it) with NFSS spec.:
. <->s*[1]"[RobotoCondensed-BoldItalic.ttf]/OT:script=latn;language=DFLT;+pnum;
+lnum;mapping=tex-text;"
. - 'bold italic small caps'  (bx/itsc) with NFSS spec.:
. <->s*[1]"[RobotoCondensed-BoldItalic.ttf]/OT:script=latn;language=DFLT;+pnum;
+lnum;+smcp;mapping=tex-text;"
.................................................
Requested font "[RobotoSlab-Regular.ttf]/OT" at 10.95pt
 -> /usr/local/texlive/2016/texmf-dist/fonts/truetype/google/roboto/RobotoSlab-
Regular.ttf
.................................................
. fontspec info: "no-scripts"
. 
. Font "RobotoSlab-Regular" does not contain any OpenType `Script'
. information.
.................................................
\g__fontspec_family_RobotoSlab_int=\count143
Requested font "[RobotoSlab-Bold.ttf]/OT" at 10.95pt
 -> /usr/local/texlive/2016/texmf-dist/fonts/truetype/google/roboto/RobotoSlab-
Bold.ttf
.................................................
. fontspec info: "defining-font"
. 
. Font family 'RobotoSlab(0)' created for font 'RobotoSlab' with options
. [Ligatures = TeX,Scale = 1,Extension = .ttf,UprightFont = *-Regular,BoldFont
. = *-Bold].
.  
.  This font family consists of the following NFSS series/shapes:
.  
. - 'normal' (m/n) with NFSS spec.:
. <->s*[1]"[RobotoSlab-Regular.ttf]/OT:mapping=tex-text;"
. - 'small caps'  (m/sc) with NFSS spec.: 
. - 'bold' (bx/n) with NFSS spec.:
. <->s*[1]"[RobotoSlab-Bold.ttf]/OT:mapping=tex-text;"
. - 'bold small caps'  (bx/sc) with NFSS spec.: 
.................................................
.................................................
. fontspec info: "defining-font"
. 
. Font family 'Roboto(2)' created for font 'Roboto' with options [Ligatures =
. TeX,Scale = 1,Extension = .ttf,Numbers = {Proportional,OldStyle},UprightFont
. = *-Regular,ItalicFont = *-RegularItalic,BoldFont = *-Bold,BoldItalicFont =
. *-BoldItalic].
.  
.  This font family consists of the following NFSS series/shapes:
.  
. - 'normal' (m/n) with NFSS spec.:
. <->s*[1]"[Roboto-Regular.ttf]/OT:script=latn;language=DFLT;+pnum;+onum;mappin
g=tex-text;"
. - 'small caps'  (m/sc) with NFSS spec.:
. <->s*[1]"[Roboto-Regular.ttf]/OT:script=latn;language=DFLT;+pnum;+onum;+smcp;
mapping=tex-text;"
. - 'bold' (bx/n) with NFSS spec.:
. <->s*[1]"[Roboto-Bold.ttf]/OT:script=latn;language=DFLT;+pnum;+onum;mapping=t
ex-text;"
. - 'bold small caps'  (bx/sc) with NFSS spec.:
. <->s*[1]"[Roboto-Bold.ttf]/OT:script=latn;language=DFLT;+pnum;+onum;+smcp;map
ping=tex-text;"
. - 'italic' (m/it) with NFSS spec.:
. <->s*[1]"[Roboto-RegularItalic.ttf]/OT:script=latn;language=DFLT;+pnum;+onum;
mapping=tex-text;"
. - 'italic small caps'  (m/itsc) with NFSS spec.:
. <->s*[1]"[Roboto-RegularItalic.ttf]/OT:script=latn;language=DFLT;+pnum;+onum;
+smcp;mapping=tex-text;"
. - 'bold italic' (bx/it) with NFSS spec.:
. <->s*[1]"[Roboto-BoldItalic.ttf]/OT:script=latn;language=DFLT;+pnum;+onum;map
ping=tex-text;"
. - 'bold italic small caps'  (bx/itsc) with NFSS spec.:
. <->s*[1]"[Roboto-BoldItalic.ttf]/OT:script=latn;language=DFLT;+pnum;+onum;+sm
cp;mapping=tex-text;"
.................................................
LaTeX Info: Redefining \oldstylenums on input line 173.
LaTeX Info: Redefining \liningnums on input line 174.
)
(/usr/local/texlive/2016/texmf-dist/tex/latex/geometry/geometry.sty
Package: geometry 2010/09/12 v5.6 Page Geometry

(/usr/local/texlive/2016/texmf-dist/tex/generic/oberdiek/ifpdf.sty
Package: ifpdf 2017/03/15 v3.2 Provides the ifpdf switch
)
(/usr/local/texlive/2016/texmf-dist/tex/generic/oberdiek/ifvtex.sty
Package: ifvtex 2016/05/16 v1.6 Detect VTeX and its facilities (HO)
Package ifvtex Info: VTeX not detected.
)
\Gm@cnth=\count144
\Gm@cntv=\count145
\c@Gm@tempcnt=\count146
\Gm@bindingoffset=\dimen140
\Gm@wd@mp=\dimen141
\Gm@odd@mp=\dimen142
\Gm@even@mp=\dimen143
\Gm@layoutwidth=\dimen144
\Gm@layoutheight=\dimen145
\Gm@layouthoffset=\dimen146
\Gm@layoutvoffset=\dimen147
\Gm@dimlist=\toks18
)
(/usr/local/texlive/2016/texmf-dist/tex/latex/url/url.sty
\Urlmuskip=\muskip16
Package: url 2013/09/16  ver 3.4  Verb mode for urls, etc.
)
(/usr/local/texlive/2016/texmf-dist/tex/latex/hyperref/hyperref.sty
Package: hyperref 2017/03/14 v6.85a Hypertext links for LaTeX

(/usr/local/texlive/2016/texmf-dist/tex/generic/oberdiek/hobsub-hyperref.sty
Package: hobsub-hyperref 2016/05/16 v1.14 Bundle oberdiek, subset hyperref (HO)


(/usr/local/texlive/2016/texmf-dist/tex/generic/oberdiek/hobsub-generic.sty
Package: hobsub-generic 2016/05/16 v1.14 Bundle oberdiek, subset generic (HO)
Package: hobsub 2016/05/16 v1.14 Construct package bundles (HO)
Package: infwarerr 2016/05/16 v1.4 Providing info/warning/error messages (HO)
Package: ltxcmds 2016/05/16 v1.23 LaTeX kernel commands for general use (HO)
Package hobsub Info: Skipping package `ifluatex' (already loaded).
Package hobsub Info: Skipping package `ifvtex' (already loaded).
Package: intcalc 2016/05/16 v1.2 Expandable calculations with integers (HO)
Package hobsub Info: Skipping package `ifpdf' (already loaded).
Package: etexcmds 2016/05/16 v1.6 Avoid name clashes with e-TeX commands (HO)
Package etexcmds Info: Could not find \expanded.
(etexcmds)             That can mean that you are not using pdfTeX 1.50 or
(etexcmds)             that some package has redefined \expanded.
(etexcmds)             In the latter case, load this package earlier.
Package: kvsetkeys 2016/05/16 v1.17 Key value parser (HO)
Package: kvdefinekeys 2016/05/16 v1.4 Define keys (HO)
Package: pdftexcmds 2017/03/19 v0.25 Utility functions of pdfTeX for LuaTeX (HO
)
Package pdftexcmds Info: LuaTeX not detected.
Package pdftexcmds Info: pdfTeX >= 1.30 not detected.
Package pdftexcmds Info: \pdf@primitive is available.
Package pdftexcmds Info: \pdf@ifprimitive is available.
Package pdftexcmds Info: \pdfdraftmode not found.
Package: pdfescape 2016/05/16 v1.14 Implements pdfTeX's escape features (HO)
Package: bigintcalc 2016/05/16 v1.4 Expandable calculations on big integers (HO
)
Package: bitset 2016/05/16 v1.2 Handle bit-vector datatype (HO)
Package: uniquecounter 2016/05/16 v1.3 Provide unlimited unique counter (HO)
)
Package hobsub Info: Skipping package `hobsub' (already loaded).
Package: letltxmacro 2016/05/16 v1.5 Let assignment for LaTeX macros (HO)
Package: hopatch 2016/05/16 v1.3 Wrapper for package hooks (HO)
Package: xcolor-patch 2016/05/16 xcolor patch
Package: atveryend 2016/05/16 v1.9 Hooks at the very end of document (HO)
Package atveryend Info: \enddocument detected (standard20110627).
Package: atbegshi 2016/06/09 v1.18 At begin shipout hook (HO)
Package: refcount 2016/05/16 v3.5 Data extraction from label references (HO)
Package: hycolor 2016/05/16 v1.8 Color options for hyperref/bookmark (HO)
)
(/usr/local/texlive/2016/texmf-dist/tex/latex/oberdiek/auxhook.sty
Package: auxhook 2016/05/16 v1.4 Hooks for auxiliary files (HO)
)
(/usr/local/texlive/2016/texmf-dist/tex/latex/oberdiek/kvoptions.sty
Package: kvoptions 2016/05/16 v3.12 Key value format for package options (HO)
)
\@linkdim=\dimen148
\Hy@linkcounter=\count147
\Hy@pagecounter=\count148

(/usr/local/texlive/2016/texmf-dist/tex/latex/hyperref/pd1enc.def
File: pd1enc.def 2017/03/14 v6.85a Hyperref: PDFDocEncoding definition (HO)
)
\Hy@SavedSpaceFactor=\count149

(/usr/local/texlive/2016/texmf-dist/tex/latex/latexconfig/hyperref.cfg
File: hyperref.cfg 2002/06/06 v1.2 hyperref configuration of TeXLive
)
Package hyperref Info: Hyper figures OFF on input line 4498.
Package hyperref Info: Link nesting OFF on input line 4503.
Package hyperref Info: Hyper index ON on input line 4506.
Package hyperref Info: Plain pages OFF on input line 4513.
Package hyperref Info: Backreferencing OFF on input line 4518.
Package hyperref Info: Implicit mode ON; LaTeX internals redefined.
Package hyperref Info: Bookmarks ON on input line 4751.
\c@Hy@tempcnt=\count150
LaTeX Info: Redefining \url on input line 5104.
\XeTeXLinkMargin=\dimen149
Requested font "pzdr" at 0.00002pt
 -> /usr/local/texlive/2016/texmf-dist/fonts/tfm/adobe/zapfding/pzdr.tfm
\Fld@menulength=\count151
\Field@Width=\dimen150
\Fld@charsize=\dimen151
Package hyperref Info: Hyper figures OFF on input line 6358.
Package hyperref Info: Link nesting OFF on input line 6363.
Package hyperref Info: Hyper index ON on input line 6366.
Package hyperref Info: backreferencing OFF on input line 6373.
Package hyperref Info: Link coloring OFF on input line 6378.
Package hyperref Info: Link coloring with OCG OFF on input line 6383.
Package hyperref Info: PDF/A mode OFF on input line 6388.
LaTeX Info: Redefining \ref on input line 6428.
LaTeX Info: Redefining \pageref on input line 6432.
\Hy@abspage=\count152
\c@Item=\count153
\c@Hfootnote=\count154
)

Package hyperref Message: Driver (autodetected): hxetex.

(/usr/local/texlive/2016/texmf-dist/tex/latex/hyperref/hxetex.def
File: hxetex.def 2017/03/14 v6.85a Hyperref driver for XeTeX

(/usr/local/texlive/2016/texmf-dist/tex/latex/hyperref/puenc.def
File: puenc.def 2017/03/14 v6.85a Hyperref: PDF Unicode definition (HO)
)
(/usr/local/texlive/2016/texmf-dist/tex/generic/oberdiek/stringenc.sty
Package: stringenc 2016/05/16 v1.11 Convert strings between diff. encodings (HO
)
)
\pdfm@box=\box42
\c@Hy@AnnotLevel=\count155
\HyField@AnnotCount=\count156
\Fld@listcount=\count157
\c@bookmark@seq@number=\count158

(/usr/local/texlive/2016/texmf-dist/tex/latex/oberdiek/rerunfilecheck.sty
Package: rerunfilecheck 2016/05/16 v1.8 Rerun checks for auxiliary files (HO)
Package rerunfilecheck Info: Feature \pdfmdfivesum is not available
(rerunfilecheck)             (e.g. pdfTeX or LuaTeX with package `pdftexcmds').

(rerunfilecheck)             Therefore file contents cannot be checked efficien
tly
(rerunfilecheck)             and the loading of the package is aborted.
)
\Hy@SectionHShift=\skip57
)
(/usr/local/texlive/2016/texmf-dist/tex/latex/tools/verbatim.sty
Package: verbatim 2014/10/28 v1.5q LaTeX2e package for verbatim enhancements
\every@verbatim=\toks19
\verbatim@line=\toks20
\verbatim@in@stream=\read2
)
(/usr/local/texlive/2016/texmf-dist/tex/latex/xcolor/xcolor.sty
Package: xcolor 2016/05/11 v2.12 LaTeX color extensions (UK)

(/usr/local/texlive/2016/texmf-dist/tex/latex/graphics-cfg/color.cfg
File: color.cfg 2016/01/02 v1.6 sample color configuration
)
Package xcolor Info: Driver file: xetex.def on input line 225.

(/usr/local/texlive/2016/texmf-dist/tex/latex/graphics-def/xetex.def
File: xetex.def 2016/07/11 v4.10 LaTeX color/graphics driver for XeTeX (L3/RRM/
JK)
)
(/usr/local/texlive/2016/texmf-dist/tex/latex/colortbl/colortbl.sty
Package: colortbl 2012/02/13 v1.0a Color table columns (DPC)

(/usr/local/texlive/2016/texmf-dist/tex/latex/tools/array.sty
Package: array 2016/10/06 v2.4d Tabular extension package (FMi)
\col@sep=\dimen152
\extrarowheight=\dimen153
\NC@list=\toks21
\extratabsurround=\skip58
\backup@length=\skip59
)
\everycr=\toks22
\minrowclearance=\skip60
)
\rownum=\count159
Package xcolor Info: Model `cmy' substituted by `cmy0' on input line 1348.
Package xcolor Info: Model `RGB' extended on input line 1364.
Package xcolor Info: Model `HTML' substituted by `rgb' on input line 1366.
Package xcolor Info: Model `Hsb' substituted by `hsb' on input line 1367.
Package xcolor Info: Model `tHsb' substituted by `hsb' on input line 1368.
Package xcolor Info: Model `HSB' substituted by `hsb' on input line 1369.
Package xcolor Info: Model `Gray' substituted by `gray' on input line 1370.
Package xcolor Info: Model `wave' substituted by `hsb' on input line 1371.
)
(/usr/local/texlive/2016/texmf-dist/tex/latex/mdframed/mdframed.sty
Package: mdframed 2013/07/01 1.9b: mdframed

(/usr/local/texlive/2016/texmf-dist/tex/latex/etoolbox/etoolbox.sty
Package: etoolbox 2017/01/02 v2.4 e-TeX tools for LaTeX (JAW)
\etb@tempcnta=\count160
)
(/usr/local/texlive/2016/texmf-dist/tex/latex/oberdiek/zref-abspage.sty
Package: zref-abspage 2016/05/21 v2.26 Module abspage for zref (HO)

(/usr/local/texlive/2016/texmf-dist/tex/latex/oberdiek/zref-base.sty
Package: zref-base 2016/05/21 v2.26 Module base for zref (HO)
Package zref Info: New property list: main on input line 759.
Package zref Info: New property: default on input line 760.
Package zref Info: New property: page on input line 761.
)
\c@abspage=\count161
Package zref Info: New property: abspage on input line 62.
)
(/usr/local/texlive/2016/texmf-dist/tex/latex/needspace/needspace.sty
Package: needspace 2010/09/12 v1.3d reserve vertical space
)
\mdf@templength=\skip61
\c@mdf@globalstyle@cnt=\count162
\mdf@skipabove@length=\skip62
\mdf@skipbelow@length=\skip63
\mdf@leftmargin@length=\skip64
\mdf@rightmargin@length=\skip65
\mdf@innerleftmargin@length=\skip66
\mdf@innerrightmargin@length=\skip67
\mdf@innertopmargin@length=\skip68
\mdf@innerbottommargin@length=\skip69
\mdf@splittopskip@length=\skip70
\mdf@splitbottomskip@length=\skip71
\mdf@outermargin@length=\skip72
\mdf@innermargin@length=\skip73
\mdf@linewidth@length=\skip74
\mdf@innerlinewidth@length=\skip75
\mdf@middlelinewidth@length=\skip76
\mdf@outerlinewidth@length=\skip77
\mdf@roundcorner@length=\skip78
\mdf@footenotedistance@length=\skip79
\mdf@userdefinedwidth@length=\skip80
\mdf@needspace@length=\skip81
\mdf@frametitleaboveskip@length=\skip82
\mdf@frametitlebelowskip@length=\skip83
\mdf@frametitlerulewidth@length=\skip84
\mdf@frametitleleftmargin@length=\skip85
\mdf@frametitlerightmargin@length=\skip86
\mdf@shadowsize@length=\skip87
\mdf@extratopheight@length=\skip88
\mdf@subtitleabovelinewidth@length=\skip89
\mdf@subtitlebelowlinewidth@length=\skip90
\mdf@subtitleaboveskip@length=\skip91
\mdf@subtitlebelowskip@length=\skip92
\mdf@subtitleinneraboveskip@length=\skip93
\mdf@subtitleinnerbelowskip@length=\skip94
\mdf@subsubtitleabovelinewidth@length=\skip95
\mdf@subsubtitlebelowlinewidth@length=\skip96
\mdf@subsubtitleaboveskip@length=\skip97
\mdf@subsubtitlebelowskip@length=\skip98
\mdf@subsubtitleinneraboveskip@length=\skip99
\mdf@subsubtitleinnerbelowskip@length=\skip100

(/usr/local/texlive/2016/texmf-dist/tex/latex/pgf/frontendlayer/tikz.sty
(/usr/local/texlive/2016/texmf-dist/tex/latex/pgf/basiclayer/pgf.sty
(/usr/local/texlive/2016/texmf-dist/tex/latex/pgf/utilities/pgfrcs.sty
(/usr/local/texlive/2016/texmf-dist/tex/generic/pgf/utilities/pgfutil-common.te
x
\pgfutil@everybye=\toks23
\pgfutil@tempdima=\dimen154
\pgfutil@tempdimb=\dimen155

(/usr/local/texlive/2016/texmf-dist/tex/generic/pgf/utilities/pgfutil-common-li
sts.tex))
(/usr/local/texlive/2016/texmf-dist/tex/generic/pgf/utilities/pgfutil-latex.def
\pgfutil@abb=\box43
(/usr/local/texlive/2016/texmf-dist/tex/latex/ms/everyshi.sty
Package: everyshi 2001/05/15 v3.00 EveryShipout Package (MS)
))
(/usr/local/texlive/2016/texmf-dist/tex/generic/pgf/utilities/pgfrcs.code.tex
Package: pgfrcs 2015/08/07 v3.0.1a (rcs-revision 1.31)
))
Package: pgf 2015/08/07 v3.0.1a (rcs-revision 1.15)
(/usr/local/texlive/2016/texmf-dist/tex/latex/pgf/basiclayer/pgfcore.sty
(/usr/local/texlive/2016/texmf-dist/tex/latex/graphics/graphicx.sty
Package: graphicx 2014/10/28 v1.0g Enhanced LaTeX Graphics (DPC,SPQR)

(/usr/local/texlive/2016/texmf-dist/tex/latex/graphics/graphics.sty
Package: graphics 2016/10/09 v1.0u Standard LaTeX Graphics (DPC,SPQR)

(/usr/local/texlive/2016/texmf-dist/tex/latex/graphics/trig.sty
Package: trig 2016/01/03 v1.10 sin cos tan (DPC)
)
(/usr/local/texlive/2016/texmf-dist/tex/latex/graphics-cfg/graphics.cfg
File: graphics.cfg 2016/06/04 v1.11 sample graphics configuration
)
Package graphics Info: Driver file: xetex.def on input line 99.
)
\Gin@req@height=\dimen156
\Gin@req@width=\dimen157
)
(/usr/local/texlive/2016/texmf-dist/tex/latex/pgf/systemlayer/pgfsys.sty
(/usr/local/texlive/2016/texmf-dist/tex/generic/pgf/systemlayer/pgfsys.code.tex
Package: pgfsys 2014/07/09 v3.0.1a (rcs-revision 1.48)
(/usr/local/texlive/2016/texmf-dist/tex/generic/pgf/utilities/pgfkeys.code.tex
\pgfkeys@pathtoks=\toks24
\pgfkeys@temptoks=\toks25

(/usr/local/texlive/2016/texmf-dist/tex/generic/pgf/utilities/pgfkeysfiltered.c
ode.tex
\pgfkeys@tmptoks=\toks26
))
\pgf@x=\dimen158
\pgf@y=\dimen159
\pgf@xa=\dimen160
\pgf@ya=\dimen161
\pgf@xb=\dimen162
\pgf@yb=\dimen163
\pgf@xc=\dimen164
\pgf@yc=\dimen165
\w@pgf@writea=\write3
\r@pgf@reada=\read3
\c@pgf@counta=\count163
\c@pgf@countb=\count164
\c@pgf@countc=\count165
\c@pgf@countd=\count166
\t@pgf@toka=\toks27
\t@pgf@tokb=\toks28
\t@pgf@tokc=\toks29

(/usr/local/texlive/2016/texmf-dist/tex/generic/pgf/systemlayer/pgf.cfg
File: pgf.cfg 2008/05/14  (rcs-revision 1.7)
)
Driver file for pgf: pgfsys-xetex.def

(/usr/local/texlive/2016/texmf-dist/tex/generic/pgf/systemlayer/pgfsys-xetex.de
f
File: pgfsys-xetex.def 2014/07/09  (rcs-revision 1.11)

(/usr/local/texlive/2016/texmf-dist/tex/generic/pgf/systemlayer/pgfsys-dvipdfmx
.def
File: pgfsys-dvipdfmx.def 2014/07/09  (rcs-revision 1.14)

(/usr/local/texlive/2016/texmf-dist/tex/generic/pgf/systemlayer/pgfsys-common-p
df.def
File: pgfsys-common-pdf.def 2013/10/10  (rcs-revision 1.13)
)
\pgfsys@objnum=\count167
)))
(/usr/local/texlive/2016/texmf-dist/tex/generic/pgf/systemlayer/pgfsyssoftpath.
code.tex
File: pgfsyssoftpath.code.tex 2013/09/09  (rcs-revision 1.9)
\pgfsyssoftpath@smallbuffer@items=\count168
\pgfsyssoftpath@bigbuffer@items=\count169
)
(/usr/local/texlive/2016/texmf-dist/tex/generic/pgf/systemlayer/pgfsysprotocol.
code.tex
File: pgfsysprotocol.code.tex 2006/10/16  (rcs-revision 1.4)
))
(/usr/local/texlive/2016/texmf-dist/tex/generic/pgf/basiclayer/pgfcore.code.tex
Package: pgfcore 2010/04/11 v3.0.1a (rcs-revision 1.7)
(/usr/local/texlive/2016/texmf-dist/tex/generic/pgf/math/pgfmath.code.tex
(/usr/local/texlive/2016/texmf-dist/tex/generic/pgf/math/pgfmathcalc.code.tex
(/usr/local/texlive/2016/texmf-dist/tex/generic/pgf/math/pgfmathutil.code.tex)
(/usr/local/texlive/2016/texmf-dist/tex/generic/pgf/math/pgfmathparser.code.tex
\pgfmath@dimen=\dimen166
\pgfmath@count=\count170
\pgfmath@box=\box44
\pgfmath@toks=\toks30
\pgfmath@stack@operand=\toks31
\pgfmath@stack@operation=\toks32
)
(/usr/local/texlive/2016/texmf-dist/tex/generic/pgf/math/pgfmathfunctions.code.
tex
(/usr/local/texlive/2016/texmf-dist/tex/generic/pgf/math/pgfmathfunctions.basic
.code.tex)
(/usr/local/texlive/2016/texmf-dist/tex/generic/pgf/math/pgfmathfunctions.trigo
nometric.code.tex)
(/usr/local/texlive/2016/texmf-dist/tex/generic/pgf/math/pgfmathfunctions.rando
m.code.tex)
(/usr/local/texlive/2016/texmf-dist/tex/generic/pgf/math/pgfmathfunctions.compa
rison.code.tex)
(/usr/local/texlive/2016/texmf-dist/tex/generic/pgf/math/pgfmathfunctions.base.
code.tex)
(/usr/local/texlive/2016/texmf-dist/tex/generic/pgf/math/pgfmathfunctions.round
.code.tex)
(/usr/local/texlive/2016/texmf-dist/tex/generic/pgf/math/pgfmathfunctions.misc.
code.tex)
(/usr/local/texlive/2016/texmf-dist/tex/generic/pgf/math/pgfmathfunctions.integ
erarithmetics.code.tex)))
(/usr/local/texlive/2016/texmf-dist/tex/generic/pgf/math/pgfmathfloat.code.tex
\c@pgfmathroundto@lastzeros=\count171
))
(/usr/local/texlive/2016/texmf-dist/tex/generic/pgf/basiclayer/pgfcorepoints.co
de.tex
File: pgfcorepoints.code.tex 2013/10/07  (rcs-revision 1.27)
\pgf@picminx=\dimen167
\pgf@picmaxx=\dimen168
\pgf@picminy=\dimen169
\pgf@picmaxy=\dimen170
\pgf@pathminx=\dimen171
\pgf@pathmaxx=\dimen172
\pgf@pathminy=\dimen173
\pgf@pathmaxy=\dimen174
\pgf@xx=\dimen175
\pgf@xy=\dimen176
\pgf@yx=\dimen177
\pgf@yy=\dimen178
\pgf@zx=\dimen179
\pgf@zy=\dimen180
)
(/usr/local/texlive/2016/texmf-dist/tex/generic/pgf/basiclayer/pgfcorepathconst
ruct.code.tex
File: pgfcorepathconstruct.code.tex 2013/10/07  (rcs-revision 1.29)
\pgf@path@lastx=\dimen181
\pgf@path@lasty=\dimen182
)
(/usr/local/texlive/2016/texmf-dist/tex/generic/pgf/basiclayer/pgfcorepathusage
.code.tex
File: pgfcorepathusage.code.tex 2014/11/02  (rcs-revision 1.24)
\pgf@shorten@end@additional=\dimen183
\pgf@shorten@start@additional=\dimen184
)
(/usr/local/texlive/2016/texmf-dist/tex/generic/pgf/basiclayer/pgfcorescopes.co
de.tex
File: pgfcorescopes.code.tex 2015/05/08  (rcs-revision 1.46)
\pgfpic=\box45
\pgf@hbox=\box46
\pgf@layerbox@main=\box47
\pgf@picture@serial@count=\count172
)
(/usr/local/texlive/2016/texmf-dist/tex/generic/pgf/basiclayer/pgfcoregraphicst
ate.code.tex
File: pgfcoregraphicstate.code.tex 2014/11/02  (rcs-revision 1.12)
\pgflinewidth=\dimen185
)
(/usr/local/texlive/2016/texmf-dist/tex/generic/pgf/basiclayer/pgfcoretransform
ations.code.tex
File: pgfcoretransformations.code.tex 2015/08/07  (rcs-revision 1.20)
\pgf@pt@x=\dimen186
\pgf@pt@y=\dimen187
\pgf@pt@temp=\dimen188
)
(/usr/local/texlive/2016/texmf-dist/tex/generic/pgf/basiclayer/pgfcorequick.cod
e.tex
File: pgfcorequick.code.tex 2008/10/09  (rcs-revision 1.3)
)
(/usr/local/texlive/2016/texmf-dist/tex/generic/pgf/basiclayer/pgfcoreobjects.c
ode.tex
File: pgfcoreobjects.code.tex 2006/10/11  (rcs-revision 1.2)
)
(/usr/local/texlive/2016/texmf-dist/tex/generic/pgf/basiclayer/pgfcorepathproce
ssing.code.tex
File: pgfcorepathprocessing.code.tex 2013/09/09  (rcs-revision 1.9)
)
(/usr/local/texlive/2016/texmf-dist/tex/generic/pgf/basiclayer/pgfcorearrows.co
de.tex
File: pgfcorearrows.code.tex 2015/05/14  (rcs-revision 1.43)
\pgfarrowsep=\dimen189
)
(/usr/local/texlive/2016/texmf-dist/tex/generic/pgf/basiclayer/pgfcoreshade.cod
e.tex
File: pgfcoreshade.code.tex 2013/07/15  (rcs-revision 1.15)
\pgf@max=\dimen190
\pgf@sys@shading@range@num=\count173
)
(/usr/local/texlive/2016/texmf-dist/tex/generic/pgf/basiclayer/pgfcoreimage.cod
e.tex
File: pgfcoreimage.code.tex 2013/07/15  (rcs-revision 1.18)

(/usr/local/texlive/2016/texmf-dist/tex/generic/pgf/basiclayer/pgfcoreexternal.
code.tex
File: pgfcoreexternal.code.tex 2014/07/09  (rcs-revision 1.21)
\pgfexternal@startupbox=\box48
))
(/usr/local/texlive/2016/texmf-dist/tex/generic/pgf/basiclayer/pgfcorelayers.co
de.tex
File: pgfcorelayers.code.tex 2013/07/18  (rcs-revision 1.7)
)
(/usr/local/texlive/2016/texmf-dist/tex/generic/pgf/basiclayer/pgfcoretranspare
ncy.code.tex
File: pgfcoretransparency.code.tex 2013/09/30  (rcs-revision 1.5)
)
(/usr/local/texlive/2016/texmf-dist/tex/generic/pgf/basiclayer/pgfcorepatterns.
code.tex
File: pgfcorepatterns.code.tex 2013/11/07  (rcs-revision 1.5)
)))
(/usr/local/texlive/2016/texmf-dist/tex/generic/pgf/modules/pgfmoduleshapes.cod
e.tex
File: pgfmoduleshapes.code.tex 2014/03/21  (rcs-revision 1.35)
\pgfnodeparttextbox=\box49
)
(/usr/local/texlive/2016/texmf-dist/tex/generic/pgf/modules/pgfmoduleplot.code.
tex
File: pgfmoduleplot.code.tex 2015/08/03  (rcs-revision 1.13)
)
(/usr/local/texlive/2016/texmf-dist/tex/latex/pgf/compatibility/pgfcomp-version
-0-65.sty
Package: pgfcomp-version-0-65 2007/07/03 v3.0.1a (rcs-revision 1.7)
\pgf@nodesepstart=\dimen191
\pgf@nodesepend=\dimen192
)
(/usr/local/texlive/2016/texmf-dist/tex/latex/pgf/compatibility/pgfcomp-version
-1-18.sty
Package: pgfcomp-version-1-18 2007/07/23 v3.0.1a (rcs-revision 1.1)
))
(/usr/local/texlive/2016/texmf-dist/tex/latex/pgf/utilities/pgffor.sty
(/usr/local/texlive/2016/texmf-dist/tex/latex/pgf/utilities/pgfkeys.sty
(/usr/local/texlive/2016/texmf-dist/tex/generic/pgf/utilities/pgfkeys.code.tex)
) (/usr/local/texlive/2016/texmf-dist/tex/latex/pgf/math/pgfmath.sty
(/usr/local/texlive/2016/texmf-dist/tex/generic/pgf/math/pgfmath.code.tex))
(/usr/local/texlive/2016/texmf-dist/tex/generic/pgf/utilities/pgffor.code.tex
Package: pgffor 2013/12/13 v3.0.1a (rcs-revision 1.25)

(/usr/local/texlive/2016/texmf-dist/tex/generic/pgf/math/pgfmath.code.tex)
\pgffor@iter=\dimen193
\pgffor@skip=\dimen194
\pgffor@stack=\toks33
\pgffor@toks=\toks34
))
(/usr/local/texlive/2016/texmf-dist/tex/generic/pgf/frontendlayer/tikz/tikz.cod
e.tex
Package: tikz 2015/08/07 v3.0.1a (rcs-revision 1.151)

(/usr/local/texlive/2016/texmf-dist/tex/generic/pgf/libraries/pgflibraryplothan
dlers.code.tex
File: pgflibraryplothandlers.code.tex 2013/08/31 v3.0.1a (rcs-revision 1.20)
\pgf@plot@mark@count=\count174
\pgfplotmarksize=\dimen195
)
\tikz@lastx=\dimen196
\tikz@lasty=\dimen197
\tikz@lastxsaved=\dimen198
\tikz@lastysaved=\dimen199
\tikzleveldistance=\dimen256
\tikzsiblingdistance=\dimen257
\tikz@figbox=\box50
\tikz@figbox@bg=\box51
\tikz@tempbox=\box52
\tikz@tempbox@bg=\box53
\tikztreelevel=\count175
\tikznumberofchildren=\count176
\tikznumberofcurrentchild=\count177
\tikz@fig@count=\count178

(/usr/local/texlive/2016/texmf-dist/tex/generic/pgf/modules/pgfmodulematrix.cod
e.tex
File: pgfmodulematrix.code.tex 2013/09/17  (rcs-revision 1.8)
\pgfmatrixcurrentrow=\count179
\pgfmatrixcurrentcolumn=\count180
\pgf@matrix@numberofcolumns=\count181
)
\tikz@expandcount=\count182

(/usr/local/texlive/2016/texmf-dist/tex/generic/pgf/frontendlayer/tikz/librarie
s/tikzlibrarytopaths.code.tex
File: tikzlibrarytopaths.code.tex 2008/06/17 v3.0.1a (rcs-revision 1.2)
)))
(/usr/local/texlive/2016/texmf-dist/tex/latex/mdframed/md-frame-1.mdf
File: md-frame-1.mdf 2013/07/01\ 1.9b: md-frame-1
)
\mdf@frametitlebox=\box54
\mdf@footnotebox=\box55
\mdf@splitbox@one=\box56
\mdf@splitbox@two=\box57
\mdf@splitbox@save=\box58
\mdfsplitboxwidth=\skip101
\mdfsplitboxtotalwidth=\skip102
\mdfsplitboxheight=\skip103
\mdfsplitboxdepth=\skip104
\mdfsplitboxtotalheight=\skip105
\mdfframetitleboxwidth=\skip106
\mdfframetitleboxtotalwidth=\skip107
\mdfframetitleboxheight=\skip108
\mdfframetitleboxdepth=\skip109
\mdfframetitleboxtotalheight=\skip110
\mdffootnoteboxwidth=\skip111
\mdffootnoteboxtotalwidth=\skip112
\mdffootnoteboxheight=\skip113
\mdffootnoteboxdepth=\skip114
\mdffootnoteboxtotalheight=\skip115
\mdftotallinewidth=\skip116
\mdfboundingboxwidth=\skip117
\mdfboundingboxtotalwidth=\skip118
\mdfboundingboxheight=\skip119
\mdfboundingboxdepth=\skip120
\mdfboundingboxtotalheight=\skip121
\mdf@freevspace@length=\skip122
\mdf@horizontalwidthofbox@length=\skip123
\mdf@verticalmarginwhole@length=\skip124
\mdf@horizontalspaceofbox=\skip125
\mdfsubtitleheight=\skip126
\mdfsubsubtitleheight=\skip127
\c@mdfcountframes=\count183

****** mdframed patching \endmdf@trivlist

****** -- success******

.................................................
. LaTeX info: "xparse/define-command"
. 
. Defining command \newmdtheoremenv with sig. 'O{} m o m o ' on line 601.
.................................................
.................................................
. LaTeX info: "xparse/define-command"
. 
. Defining command \mdtheorem with sig. ' O{} m o m o ' on line 701.
.................................................
\mdf@envdepth=\count184
\c@mdf@env@i=\count185
\c@mdf@env@ii=\count186
\c@mdf@zref@counter=\count187
Package zref Info: New property: mdf@pagevalue on input line 895.
)
(/usr/local/texlive/2016/texmf-dist/tex/latex/tools/tabularx.sty
Package: tabularx 2016/02/03 v2.11 `tabularx' package (DPC)
\TX@col@width=\dimen258
\TX@old@table=\dimen259
\TX@old@col=\dimen260
\TX@target=\dimen261
\TX@delta=\dimen262
\TX@cols=\count188
\TX@ftn=\toks35
)
(/usr/local/texlive/2016/texmf-dist/tex/latex/multirow/multirow.sty
Package: multirow 2016/11/25 v2.2 Span multiple rows of a table
\multirow@colwidth=\skip128
\multirow@cntb=\count189
\multirow@dima=\skip129
\bigstrutjot=\dimen263
)
(/usr/local/texlive/2016/texmf-dist/tex/latex/tcolorbox/tcolorbox.sty
Package: tcolorbox 2017/02/24 version 4.02 text color boxes

(/usr/local/texlive/2016/texmf-dist/tex/latex/environ/environ.sty
Package: environ 2014/05/04 v0.3 A new way to define environments

(/usr/local/texlive/2016/texmf-dist/tex/latex/trimspaces/trimspaces.sty
Package: trimspaces 2009/09/17 v1.1 Trim spaces around a token list
)
\@envbody=\toks36
)
\tcb@titlebox=\box59
\tcb@upperbox=\box60
\tcb@lowerbox=\box61
\tcb@phantombox=\box62
\c@tcbbreakpart=\count190
\c@tcblayer=\count191
\tcolorbox@number=\count192
\tcb@temp=\box63
\tcb@temp=\box64
\tcb@temp=\box65
\tcb@temp=\box66
\tcb@out=\write4
\tcb@record@out=\write5
)
(/usr/local/texlive/2016/texmf-dist/tex/latex/listings/listings.sty
\lst@mode=\count193
\lst@gtempboxa=\box67
\lst@token=\toks37
\lst@length=\count194
\lst@currlwidth=\dimen264
\lst@column=\count195
\lst@pos=\count196
\lst@lostspace=\dimen265
\lst@width=\dimen266
\lst@newlines=\count197
\lst@lineno=\count198
\lst@maxwidth=\dimen267

(/usr/local/texlive/2016/texmf-dist/tex/latex/listings/lstmisc.sty
File: lstmisc.sty 2015/06/04 1.6 (Carsten Heinz)
\c@lstnumber=\count199
\lst@skipnumbers=\count266
\lst@framebox=\box68
)
(/usr/local/texlive/2016/texmf-dist/tex/latex/listings/listings.cfg
File: listings.cfg 2015/06/04 1.6 listings configuration
))
Package: listings 2015/06/04 1.6 (Carsten Heinz)

(/usr/local/texlive/2016/texmf-dist/tex/latex/enumitem/enumitem.sty
Package: enumitem 2011/09/28 v3.5.2 Customized lists
\labelindent=\skip130
\enit@outerparindent=\dimen268
\enit@toks=\toks38
\enit@inbox=\box69
\enitdp@description=\count267
)
(/usr/local/texlive/2016/texmf-dist/tex/generic/ulem/ulem.sty
\UL@box=\box70
\UL@hyphenbox=\box71
\UL@skip=\skip131
\UL@hook=\toks39
\UL@height=\dimen269
\UL@pe=\count268
\UL@pixel=\dimen270
\ULC@box=\box72
Requested font "lasy6" scaled 1000
 -> /usr/local/texlive/2016/texmf-dist/fonts/tfm/public/latex-fonts/lasy6.tfm
Package: ulem 2012/05/18
\ULdepth=\dimen271
)
(/usr/local/texlive/2016/texmf-dist/tex/latex/titlesec/titlesec.sty
Package: titlesec 2016/03/21 v2.10.2 Sectioning titles
\ttl@box=\box73
\beforetitleunit=\skip132
\aftertitleunit=\skip133
\ttl@plus=\dimen272
\ttl@minus=\dimen273
\ttl@toksa=\toks40
\titlewidth=\dimen274
\titlewidthlast=\dimen275
\titlewidthfirst=\dimen276
)
\tindent=\skip134

(/usr/local/texlive/2016/texmf-dist/tex/latex/setspace/setspace.sty
Package: setspace 2011/12/19 v6.7a set line spacing
))
(./sample.aux)
\openout1 = `sample.aux'.

LaTeX Font Info:    Checking defaults for OML/cmm/m/it on input line 3.
LaTeX Font Info:    ... okay on input line 3.
LaTeX Font Info:    Checking defaults for T1/cmr/m/n on input line 3.
LaTeX Font Info:    ... okay on input line 3.
LaTeX Font Info:    Checking defaults for OT1/cmr/m/n on input line 3.
LaTeX Font Info:    ... okay on input line 3.
LaTeX Font Info:    Checking defaults for OMS/cmsy/m/n on input line 3.
LaTeX Font Info:    ... okay on input line 3.
LaTeX Font Info:    Checking defaults for TU/lmr/m/n on input line 3.
LaTeX Font Info:    ... okay on input line 3.
LaTeX Font Info:    Checking defaults for OMX/cmex/m/n on input line 3.
LaTeX Font Info:    ... okay on input line 3.
LaTeX Font Info:    Checking defaults for U/cmr/m/n on input line 3.
LaTeX Font Info:    ... okay on input line 3.
LaTeX Font Info:    Checking defaults for TS1/cmr/m/n on input line 3.
LaTeX Font Info:    Try loading font information for TS1+cmr on input line 3.
 (/usr/local/texlive/2016/texmf-dist/tex/latex/base/ts1cmr.fd
File: ts1cmr.fd 2014/09/29 v2.5h Standard LaTeX font definitions
)
LaTeX Font Info:    ... okay on input line 3.
LaTeX Font Info:    Checking defaults for PD1/pdf/m/n on input line 3.
LaTeX Font Info:    ... okay on input line 3.
LaTeX Font Info:    Checking defaults for PU/pdf/m/n on input line 3.
LaTeX Font Info:    ... okay on input line 3.
LaTeX Font Info:    Font shape `TU/Roboto(0)/m/n' will be
(Font)              scaled to size 10.95pt on input line 3.
Requested font "[Roboto-Regular.ttf]/OT:script=latn;language=DFLT;+pnum;+lnum;m
apping=tex-text;" at 10.95pt
 -> /usr/local/texlive/2016/texmf-dist/fonts/truetype/google/roboto/Roboto-Regu
lar.ttf
LaTeX Info: Redefining \dots on input line 3.
LaTeX Info: Redefining \up on input line 3.
.................................................
. fontspec info: "setup-math"
. 
. Adjusting the maths setup (use [no-math] to avoid this).
.................................................
\symlegacymaths=\mathgroup4
LaTeX Font Info:    Overwriting symbol font `legacymaths' in version `bold'
(Font)                  OT1/cmr/m/n --> OT1/cmr/bx/n on input line 3.
LaTeX Font Info:    Redeclaring math accent \acute on input line 3.
LaTeX Font Info:    Redeclaring math accent \grave on input line 3.
LaTeX Font Info:    Redeclaring math accent \ddot on input line 3.
LaTeX Font Info:    Redeclaring math accent \tilde on input line 3.
LaTeX Font Info:    Redeclaring math accent \bar on input line 3.
LaTeX Font Info:    Redeclaring math accent \breve on input line 3.
LaTeX Font Info:    Redeclaring math accent \check on input line 3.
LaTeX Font Info:    Redeclaring math accent \hat on input line 3.
LaTeX Font Info:    Redeclaring math accent \dot on input line 3.
LaTeX Font Info:    Redeclaring math accent \mathring on input line 3.
LaTeX Font Info:    Redeclaring math symbol \colon on input line 3.
LaTeX Font Info:    Redeclaring math symbol \Gamma on input line 3.
LaTeX Font Info:    Redeclaring math symbol \Delta on input line 3.
LaTeX Font Info:    Redeclaring math symbol \Theta on input line 3.
LaTeX Font Info:    Redeclaring math symbol \Lambda on input line 3.
LaTeX Font Info:    Redeclaring math symbol \Xi on input line 3.
LaTeX Font Info:    Redeclaring math symbol \Pi on input line 3.
LaTeX Font Info:    Redeclaring math symbol \Sigma on input line 3.
LaTeX Font Info:    Redeclaring math symbol \Upsilon on input line 3.
LaTeX Font Info:    Redeclaring math symbol \Phi on input line 3.
LaTeX Font Info:    Redeclaring math symbol \Psi on input line 3.
LaTeX Font Info:    Redeclaring math symbol \Omega on input line 3.
LaTeX Font Info:    Redeclaring math symbol \mathdollar on input line 3.
LaTeX Font Info:    Redeclaring symbol font `operators' on input line 3.
LaTeX Font Info:    Encoding `OT1' has changed to `TU' for symbol font
(Font)              `operators' in the math version `normal' on input line 3.
LaTeX Font Info:    Overwriting symbol font `operators' in version `normal'
(Font)                  OT1/cmr/m/n --> TU/lmr/m/n on input line 3.
LaTeX Font Info:    Encoding `OT1' has changed to `TU' for symbol font
(Font)              `operators' in the math version `bold' on input line 3.
LaTeX Font Info:    Overwriting symbol font `operators' in version `bold'
(Font)                  OT1/cmr/bx/n --> TU/lmr/m/n on input line 3.
LaTeX Font Info:    Overwriting symbol font `operators' in version `normal'
(Font)                  TU/lmr/m/n --> TU/lmr/m/n on input line 3.
LaTeX Font Info:    Overwriting math alphabet `\mathit' in version `normal'
(Font)                  OT1/cmr/m/it --> TU/lmr/m/it on input line 3.
LaTeX Font Info:    Overwriting math alphabet `\mathbf' in version `normal'
(Font)                  OT1/cmr/bx/n --> TU/lmr/bx/n on input line 3.
LaTeX Font Info:    Overwriting math alphabet `\mathsf' in version `normal'
(Font)                  OT1/cmss/m/n --> TU/Roboto(0)/m/n on input line 3.
LaTeX Font Info:    Overwriting math alphabet `\mathtt' in version `normal'
(Font)                  OT1/cmtt/m/n --> TU/lmtt/m/n on input line 3.
LaTeX Font Info:    Overwriting symbol font `operators' in version `bold'
(Font)                  TU/lmr/m/n --> TU/lmr/bx/n on input line 3.
LaTeX Font Info:    Overwriting math alphabet `\mathit' in version `bold'
(Font)                  OT1/cmr/bx/it --> TU/lmr/bx/it on input line 3.
LaTeX Font Info:    Overwriting math alphabet `\mathsf' in version `bold'
(Font)                  OT1/cmss/bx/n --> TU/Roboto(0)/bx/n on input line 3.
LaTeX Font Info:    Overwriting math alphabet `\mathtt' in version `bold'
(Font)                  OT1/cmtt/m/n --> TU/lmtt/bx/n on input line 3.

*geometry* driver: auto-detecting
*geometry* detected driver: xetex
*geometry* verbose mode - [ preamble ] result:
* driver: xetex
* paper: a4paper
* layout: <same size as paper>
* layoutoffset:(h,v)=(0.0pt,0.0pt)
* modes: 
* h-part:(L,W,R)=(56.9055pt, 483.69687pt, 56.9055pt)
* v-part:(T,H,B)=(56.9055pt, 731.23584pt, 56.9055pt)
* \paperwidth=597.50787pt
* \paperheight=845.04684pt
* \textwidth=483.69687pt
* \textheight=731.23584pt
* \oddsidemargin=-15.36449pt
* \evensidemargin=-15.36449pt
* \topmargin=-52.36449pt
* \headheight=12.0pt
* \headsep=25.0pt
* \topskip=11.0pt
* \footskip=30.0pt
* \marginparwidth=50.0pt
* \marginparsep=10.0pt
* \columnsep=10.0pt
* \skip\footins=10.0pt plus 4.0pt minus 2.0pt
* \hoffset=0.0pt
* \voffset=0.0pt
* \mag=1000
* \@twocolumnfalse
* \@twosidefalse
* \@mparswitchfalse
* \@reversemarginfalse
* (1in=72.27pt=25.4mm, 1cm=28.453pt)

\AtBeginShipoutBox=\box74
Package hyperref Info: Link coloring OFF on input line 3.
(/usr/local/texlive/2016/texmf-dist/tex/latex/hyperref/nameref.sty
Package: nameref 2016/05/21 v2.44 Cross-referencing by name of section

(/usr/local/texlive/2016/texmf-dist/tex/generic/oberdiek/gettitlestring.sty
Package: gettitlestring 2016/05/16 v1.5 Cleanup title references (HO)
)
\c@section@level=\count269
)
LaTeX Info: Redefining \ref on input line 3.
LaTeX Info: Redefining \pageref on input line 3.
LaTeX Info: Redefining \nameref on input line 3.

(./sample.out) (./sample.out)
\@outlinefile=\write6
\openout6 = `sample.out'.

 ABD: EveryShipout initializing macros
\c@lstlisting=\count270

Underfull \hbox (badness 10000) in paragraph at lines 5--8

 []

LaTeX Font Info:    Font shape `TU/Roboto(0)/m/n' will be
(Font)              scaled to size 14.4pt on input line 10.
Requested font "[Roboto-Regular.ttf]/OT:script=latn;language=DFLT;+pnum;+lnum;m
apping=tex-text;" at 14.4pt
 -> /usr/local/texlive/2016/texmf-dist/fonts/truetype/google/roboto/Roboto-Regu
lar.ttf
LaTeX Font Info:    Font shape `TU/Roboto(0)/m/n' will be
(Font)              scaled to size 24.88pt on input line 12.
Requested font "[Roboto-Regular.ttf]/OT:script=latn;language=DFLT;+pnum;+lnum;m
apping=tex-text;" at 24.88pt
 -> /usr/local/texlive/2016/texmf-dist/fonts/truetype/google/roboto/Roboto-Regu
lar.ttf
LaTeX Font Info:    Font shape `TU/Roboto(0)/bx/n' will be
(Font)              scaled to size 24.88pt on input line 12.
Requested font "[Roboto-Bold.ttf]/OT:script=latn;language=DFLT;+pnum;+lnum;mapp
ing=tex-text;" at 24.88pt
 -> /usr/local/texlive/2016/texmf-dist/fonts/truetype/google/roboto/Roboto-Bold
.ttf
LaTeX Font Info:    Font shape `TU/Roboto(0)/m/n' will be
(Font)              scaled to size 20.74pt on input line 17.
Requested font "[Roboto-Regular.ttf]/OT:script=latn;language=DFLT;+pnum;+lnum;m
apping=tex-text;" at 20.74pt
 -> /usr/local/texlive/2016/texmf-dist/fonts/truetype/google/roboto/Roboto-Regu
lar.ttf
LaTeX Font Info:    Font shape `TU/Roboto(0)/bx/n' will be
(Font)              scaled to size 20.74pt on input line 17.
Requested font "[Roboto-Bold.ttf]/OT:script=latn;language=DFLT;+pnum;+lnum;mapp
ing=tex-text;" at 20.74pt
 -> /usr/local/texlive/2016/texmf-dist/fonts/truetype/google/roboto/Roboto-Bold
.ttf
Requested font "[lmmono10-regular]:" at 10.95pt
 -> /usr/local/texlive/2016/texmf-dist/fonts/opentype/public/lm/lmmono10-regula
r.otf
Requested font "[lmmonoslant10-regular]:" at 10.95pt
 -> /usr/local/texlive/2016/texmf-dist/fonts/opentype/public/lm/lmmonoslant10-r
egular.otf

Underfull \hbox (badness 10000) in paragraph at lines 20--23

 []


Underfull \hbox (badness 10000) in paragraph at lines 24--28

 []

(/usr/local/texlive/2016/texmf-dist/tex/generic/oberdiek/se-ascii-print.def
File: se-ascii-print.def 2016/05/16 v1.11 stringenc: Printable ASCII characters

)
[1

]
Package atveryend Info: Empty hook `BeforeClearDocument' on input line 36.
Package atveryend Info: Empty hook `AfterLastShipout' on input line 36.
 (./sample.aux)
Package atveryend Info: Empty hook `AtVeryEndDocument' on input line 36.
Package atveryend Info: Empty hook `AtEndAfterFileList' on input line 36.
Package atveryend Info: Empty hook `AtVeryVeryEnd' on input line 36.
 ) 
Here is how much of TeX's memory you used:
 33656 strings out of 493068
 661438 string characters out of 6135635
 733175 words of memory out of 5000000
 37153 multiletter control sequences out of 15000+600000
 4274 words of font info for 37 fonts, out of 8000000 for 9000
 1347 hyphenation exceptions out of 8191
 74i,8n,87p,10410b,808s stack positions out of 5000i,500n,10000p,200000b,80000s

Output written on sample.pdf (1 page).
